<?xml version="1.0" encoding="UTF-8"?>
<!-- Generated by org.testng.reporters.JUnitReportReporter -->
<testsuite hostname="aceca" failures="0" tests="3" name="com.neotech.testcases.AddEmployeeTest" time="80.273" errors="0" timestamp="2023-02-09T22:27:48 CST" skipped="0">
  <testcase classname="com.neotech.testcases.AddEmployeeTest" name="addEmployee" time="27.392"/>
  <system-out/>
  <testcase classname="com.neotech.testcases.AddEmployeeTest" name="addEmployee" time="25.896"/>
  <system-out/>
  <testcase classname="com.neotech.testcases.AddEmployeeTest" name="addEmployee" time="26.985"/>
  <system-out/>
</testsuite> <!-- com.neotech.testcases.AddEmployeeTest -->
